<?xml version="1.0" encoding="UTF-8"?>
<testsuite xmlns:xsi="http://www.w3.org/2001/XMLSchema-instance" xsi:noNamespaceSchemaLocation="https://maven.apache.org/surefire/maven-surefire-plugin/xsd/surefire-test-report-3.0.xsd" version="3.0" name="com.practice.project06.AuthApiControllerTest" time="0.842" tests="4" errors="0" skipped="0" failures="0">
  <properties>
[...]
</properties>
  <testcase name="testLogin_Success" classname="com.practice.project06.AuthApiControllerTest" time="0.399">
    <system-out><![CDATA[Hibernate: 
    select
        u1_0.userid,
        u1_0.address,
        u1_0.email,
        u1_0.password,
        u1_0.role,
        u1_0.username 
    from
        users u1_0 
    where
        u1_0.username=?
Hibernate: 
    select
        u1_0.userid,
        u1_0.address,
        u1_0.email,
        u1_0.password,
        u1_0.role,
        u1_0.username 
    from
        users u1_0 
    where
        u1_0.username=?
Hibernate: 
    select
        a1_0.accountid,
        a1_0.account_number,
        a1_0.account_type,
        a1_0.userid 
    from
        accounts a1_0 
    where
        a1_0.userid=?
Hibernate: 
    select
        u1_0.userid,
        u1_0.address,
        u1_0.email,
        u1_0.password,
        u1_0.role,
        u1_0.username 
    from
        users u1_0 
    where
        u1_0.userid=?

MockHttpServletRequest:
      HTTP Method = POST
      Request URI = /api/v1/auth/login
       Parameters = {}
          Headers = [Content-Type:"application/json;charset=UTF-8", Content-Length:"43"]
             Body = {"username":"admin", "password":"admin123"}
    Session Attrs = {}

Handler:
             Type = com.practice.project06.auth.AuthController
           Method = com.practice.project06.auth.AuthController#login(AuthRequest)

Async:
    Async started = false
     Async result = null

Resolved Exception:
             Type = null

ModelAndView:
        View name = null
             View = null
            Model = null

FlashMap:
       Attributes = null

MockHttpServletResponse:
           Status = 200
    Error message = null
          Headers = [Vary:"Origin", "Access-Control-Request-Method", "Access-Control-Request-Headers", Content-Type:"application/json", X-Content-Type-Options:"nosniff", X-XSS-Protection:"0", Cache-Control:"no-cache, no-store, max-age=0, must-revalidate", Pragma:"no-cache", Expires:"0", X-Frame-Options:"DENY"]
     Content type = application/json
             Body = {"accountId":2,"role":"ADMIN","userId":2,"token":"eyJhbGciOiJIUzI1NiJ9.eyJzdWIiOiJhZG1pbiIsImlhdCI6MTcyMjkyODgwNCwiZXhwIjoxNzIyOTMzODA0fQ._6uQx3nUFsDFi_fXZaOaom34T9NDmyWTECwYPeAQPbc","username":"admin"}
    Forwarded URL = null
   Redirected URL = null
          Cookies = []
]]></system-out>
  </testcase>
  <testcase name="testLogin_Unauthorised" classname="com.practice.project06.AuthApiControllerTest" time="0.151">
    <system-out><![CDATA[Hibernate: 
    select
        u1_0.userid,
        u1_0.address,
        u1_0.email,
        u1_0.password,
        u1_0.role,
        u1_0.username 
    from
        users u1_0 
    where
        u1_0.username=?

MockHttpServletRequest:
      HTTP Method = POST
      Request URI = /api/v1/auth/login
       Parameters = {}
          Headers = [Content-Type:"application/json;charset=UTF-8", Content-Length:"38"]
             Body = {"username":"abcd", "password":"sdsd"}
    Session Attrs = {}

Handler:
             Type = com.practice.project06.auth.AuthController
           Method = com.practice.project06.auth.AuthController#login(AuthRequest)

Async:
    Async started = false
     Async result = null

Resolved Exception:
             Type = null

ModelAndView:
        View name = null
             View = null
            Model = null

FlashMap:
       Attributes = null

MockHttpServletResponse:
           Status = 401
    Error message = Unauthorized
          Headers = [Vary:"Origin", "Access-Control-Request-Method", "Access-Control-Request-Headers", X-Content-Type-Options:"nosniff", X-XSS-Protection:"0", Cache-Control:"no-cache, no-store, max-age=0, must-revalidate", Pragma:"no-cache", Expires:"0", X-Frame-Options:"DENY"]
     Content type = null
             Body = 
    Forwarded URL = null
   Redirected URL = null
          Cookies = []
]]></system-out>
  </testcase>
  <testcase name="testLogin_InvalidCredentials" classname="com.practice.project06.AuthApiControllerTest" time="0.144">
    <system-out><![CDATA[Hibernate: 
    select
        u1_0.userid,
        u1_0.address,
        u1_0.email,
        u1_0.password,
        u1_0.role,
        u1_0.username 
    from
        users u1_0 
    where
        u1_0.username=?

MockHttpServletRequest:
      HTTP Method = POST
      Request URI = /api/v1/auth/login
       Parameters = {}
          Headers = [Content-Type:"application/json;charset=UTF-8", Content-Length:"37"]
             Body = {"username":"abcd", "password":"abc"}
    Session Attrs = {}

Handler:
             Type = com.practice.project06.auth.AuthController
           Method = com.practice.project06.auth.AuthController#login(AuthRequest)

Async:
    Async started = false
     Async result = null

Resolved Exception:
             Type = null

ModelAndView:
        View name = null
             View = null
            Model = null

FlashMap:
       Attributes = null

MockHttpServletResponse:
           Status = 401
    Error message = Unauthorized
          Headers = [Vary:"Origin", "Access-Control-Request-Method", "Access-Control-Request-Headers", X-Content-Type-Options:"nosniff", X-XSS-Protection:"0", Cache-Control:"no-cache, no-store, max-age=0, must-revalidate", Pragma:"no-cache", Expires:"0", X-Frame-Options:"DENY"]
     Content type = null
             Body = 
    Forwarded URL = null
   Redirected URL = null
          Cookies = []
]]></system-out>
  </testcase>
  <testcase name="testRegister_Success" classname="com.practice.project06.AuthApiControllerTest" time="0.108">
    <system-out><![CDATA[Hibernate: 
    insert 
    into
        users
        (address, email, password, role, username, userid) 
    values
        (?, ?, ?, ?, ?, default)

MockHttpServletRequest:
      HTTP Method = POST
      Request URI = /api/v1/auth/register
       Parameters = {}
          Headers = [Content-Type:"application/json;charset=UTF-8", Content-Length:"57"]
             Body = {"username":"random", "password":"sample", "role":"USER"}
    Session Attrs = {}

Handler:
             Type = com.practice.project06.auth.AuthController
           Method = com.practice.project06.auth.AuthController#createUser(User)

Async:
    Async started = false
     Async result = null

Resolved Exception:
             Type = null

ModelAndView:
        View name = null
             View = null
            Model = null

FlashMap:
       Attributes = null

MockHttpServletResponse:
           Status = 200
    Error message = null
          Headers = [Vary:"Origin", "Access-Control-Request-Method", "Access-Control-Request-Headers", Content-Type:"application/json", X-Content-Type-Options:"nosniff", X-XSS-Protection:"0", Cache-Control:"no-cache, no-store, max-age=0, must-revalidate", Pragma:"no-cache", Expires:"0", X-Frame-Options:"DENY"]
     Content type = application/json
             Body = {"userID":5,"username":"random","password":"$2a$10$E.9IQPOcLYvK/ZpTZg0YEO0lUHyjdZ7mhLWEILnIDzyYVS194DS4C","role":"USER","email":null,"address":null}
    Forwarded URL = null
   Redirected URL = null
          Cookies = []
]]></system-out>
  </testcase>
</testsuite>